<?xml version="1.0" encoding="UTF-8"?>
<TestRun id="aedd3056-c034-4dbe-9639-f9db86946c0d" name="macabral@CABOLPC0092 2014-10-31 08:07:04" runUser="HUSKY1\macabral" xmlns="http://microsoft.com/schemas/VisualStudio/TeamTest/2010">
  <TestSettings name="Local" id="5123d902-b7f8-45b3-b4f8-4cc467d55b7c">
    <Description>These are default test settings for a local test run.</Description>
    <Deployment userDeploymentRoot="C:\Users\macabral\Documents\Visual Studio 2010\Projects\Matthew Cabral Projects\Clabbers\TestResults" useDefaultDeploymentRoot="false" enabled="false" runDeploymentRoot="macabral_CABOLPC0092 2014-10-31 08_07_04">
      <DeploymentItem filename="C:\Users\macabral\Documents\Visual Studio 2010\Projects\Matthew Cabral Projects\Clabbers\Clabbers\bin\Debug\Clabbers.exe" />
    </Deployment>
    <Execution>
      <TestTypeSpecific />
      <AgentRule name="Execution Agents">
      </AgentRule>
    </Execution>
  </TestSettings>
  <Times creation="2014-10-31T08:07:04.8026427-04:00" queuing="2014-10-31T08:07:04.9096641-04:00" start="2014-10-31T08:07:04.9121646-04:00" finish="2014-10-31T08:07:05.1247071-04:00" />
  <ResultSummary outcome="Failed">
    <Counters total="2" executed="2" passed="1" error="0" failed="1" timeout="0" aborted="0" inconclusive="0" passedButRunAborted="0" notRunnable="0" notExecuted="0" disconnected="0" warning="0" completed="0" inProgress="0" pending="0" />
  </ResultSummary>
  <TestDefinitions>
    <UnitTest name="SaveGameState_DesignIntent" storage="c:\users\macabral\documents\visual studio 2010\projects\matthew cabral projects\clabbers\solvertest\bin\debug\solvertest.dll" id="ef7c87b5-094d-72dd-2741-d7886f3387c0">
      <Execution id="91f1eddf-4f9e-4c56-a526-cb868765b402" />
      <TestMethod codeBase="C:/Users/macabral/Documents/Visual Studio 2010/Projects/Matthew Cabral Projects/Clabbers/SolverTest/bin/Debug/SolverTest.DLL" adapterTypeName="Microsoft.VisualStudio.TestTools.TestTypes.Unit.UnitTestAdapter, Microsoft.VisualStudio.QualityTools.Tips.UnitTest.Adapter, Version=10.0.0.0, Culture=neutral, PublicKeyToken=b03f5f7f11d50a3a" className="ClabbersTest.GameManagerTests, SolverTest, Version=1.0.0.0, Culture=neutral, PublicKeyToken=null" name="SaveGameState_DesignIntent" />
    </UnitTest>
    <UnitTest name="MakePlayers_DesignIntent" storage="c:\users\macabral\documents\visual studio 2010\projects\matthew cabral projects\clabbers\solvertest\bin\debug\solvertest.dll" id="d0f47a69-9832-0a64-220f-62754308e5f8">
      <Execution id="bb2fd1c5-1e9e-4b69-9520-2cf209b9c993" />
      <TestMethod codeBase="C:/Users/macabral/Documents/Visual Studio 2010/Projects/Matthew Cabral Projects/Clabbers/SolverTest/bin/Debug/SolverTest.DLL" adapterTypeName="Microsoft.VisualStudio.TestTools.TestTypes.Unit.UnitTestAdapter, Microsoft.VisualStudio.QualityTools.Tips.UnitTest.Adapter, Version=10.0.0.0, Culture=neutral, PublicKeyToken=b03f5f7f11d50a3a" className="ClabbersTest.GameManagerTests, SolverTest, Version=1.0.0.0, Culture=neutral, PublicKeyToken=null" name="MakePlayers_DesignIntent" />
    </UnitTest>
  </TestDefinitions>
  <TestLists>
    <TestList name="Results Not in a List" id="8c84fa94-04c1-424b-9868-57a2d4851a1d" />
    <TestList name="All Loaded Results" id="19431567-8539-422a-85d7-44ee4e166bda" />
  </TestLists>
  <TestEntries>
    <TestEntry testId="ef7c87b5-094d-72dd-2741-d7886f3387c0" executionId="91f1eddf-4f9e-4c56-a526-cb868765b402" testListId="8c84fa94-04c1-424b-9868-57a2d4851a1d" />
    <TestEntry testId="d0f47a69-9832-0a64-220f-62754308e5f8" executionId="bb2fd1c5-1e9e-4b69-9520-2cf209b9c993" testListId="8c84fa94-04c1-424b-9868-57a2d4851a1d" />
  </TestEntries>
  <Results>
    <UnitTestResult executionId="91f1eddf-4f9e-4c56-a526-cb868765b402" testId="ef7c87b5-094d-72dd-2741-d7886f3387c0" testName="SaveGameState_DesignIntent" computerName="CABOLPC0092" duration="00:00:00.0454081" startTime="2014-10-31T08:07:04.9141650-04:00" endTime="2014-10-31T08:07:05.0886999-04:00" testType="13cdc9d9-ddb5-4fa4-a97d-d965ccfc6d4b" outcome="Failed" testListId="8c84fa94-04c1-424b-9868-57a2d4851a1d" relativeResultsDirectory="91f1eddf-4f9e-4c56-a526-cb868765b402">
      <Output>
        <ErrorInfo>
          <Message>Assert.AreEqual failed. Expected:&lt;...............
...............
...............
...............
...............
...............
...............
...............
...............
...............
...............
...............
...............
...............
...............
7
2

&gt;. Actual:&lt;...............
...............
...............
...............
...............
...............
...............
...............
...............
...............
...............
...............
...............
...............
...............
7
2
RGASDN*
RGAUDO*
&gt;. </Message>
          <StackTrace>   at ClabbersTest.GameManagerTests.SaveGameState_DesignIntent() in C:\Users\macabral\Documents\Visual Studio 2010\Projects\Matthew Cabral Projects\Clabbers\SolverTest\GameManagerTests.cs:line 255
</StackTrace>
        </ErrorInfo>
      </Output>
    </UnitTestResult>
    <UnitTestResult executionId="bb2fd1c5-1e9e-4b69-9520-2cf209b9c993" testId="d0f47a69-9832-0a64-220f-62754308e5f8" testName="MakePlayers_DesignIntent" computerName="CABOLPC0092" duration="00:00:00.0235865" startTime="2014-10-31T08:07:05.0897001-04:00" endTime="2014-10-31T08:07:05.1152052-04:00" testType="13cdc9d9-ddb5-4fa4-a97d-d965ccfc6d4b" outcome="Passed" testListId="8c84fa94-04c1-424b-9868-57a2d4851a1d" relativeResultsDirectory="bb2fd1c5-1e9e-4b69-9520-2cf209b9c993">
    </UnitTestResult>
  </Results>
</TestRun>