<?xml version="1.0" encoding="UTF-8"?>
<TestRun id="39ba21bc-7940-46fe-bfa7-d4475f975fab" name="macabral@CABOLPC0092 2014-11-05 15:50:41" runUser="HUSKY1\macabral" xmlns="http://microsoft.com/schemas/VisualStudio/TeamTest/2010">
  <TestSettings name="Local" id="5123d902-b7f8-45b3-b4f8-4cc467d55b7c">
    <Description>These are default test settings for a local test run.</Description>
    <Deployment enabled="false" runDeploymentRoot="macabral_CABOLPC0092 2014-11-05 15_50_41">
      <DeploymentItem filename="C:\Users\macabral\Documents\Visual Studio 2010\Projects\Matthew Cabral Projects\Clabbers\Clabbers\bin\Debug\Clabbers.exe" />
    </Deployment>
    <Execution>
      <TestTypeSpecific />
      <AgentRule name="Execution Agents">
      </AgentRule>
    </Execution>
  </TestSettings>
  <Times creation="2014-11-05T15:50:41.4043504-05:00" queuing="2014-11-05T15:50:42.0073504-05:00" start="2014-11-05T15:50:42.0448504-05:00" finish="2014-11-05T15:50:42.4288504-05:00" />
  <ResultSummary outcome="Completed">
    <Counters total="1" executed="1" passed="1" error="0" failed="0" timeout="0" aborted="0" inconclusive="0" passedButRunAborted="0" notRunnable="0" notExecuted="0" disconnected="0" warning="0" completed="0" inProgress="0" pending="0" />
  </ResultSummary>
  <TestDefinitions>
    <UnitTest name="MakePlayers_DesignIntent" storage="c:\users\macabral\documents\visual studio 2010\projects\matthew cabral projects\clabbers\solvertest\bin\debug\solvertest.dll" id="d0f47a69-9832-0a64-220f-62754308e5f8">
      <Execution id="4b04af82-1c3b-42ee-937c-e29548504a21" />
      <TestMethod codeBase="C:/Users/macabral/Documents/Visual Studio 2010/Projects/Matthew Cabral Projects/Clabbers/SolverTest/bin/Debug/SolverTest.DLL" adapterTypeName="Microsoft.VisualStudio.TestTools.TestTypes.Unit.UnitTestAdapter, Microsoft.VisualStudio.QualityTools.Tips.UnitTest.Adapter, Version=10.0.0.0, Culture=neutral, PublicKeyToken=b03f5f7f11d50a3a" className="ClabbersTest.GameManagerTests, SolverTest, Version=1.0.0.0, Culture=neutral, PublicKeyToken=null" name="MakePlayers_DesignIntent" />
    </UnitTest>
  </TestDefinitions>
  <TestLists>
    <TestList name="Results Not in a List" id="8c84fa94-04c1-424b-9868-57a2d4851a1d" />
    <TestList name="All Loaded Results" id="19431567-8539-422a-85d7-44ee4e166bda" />
  </TestLists>
  <TestEntries>
    <TestEntry testId="d0f47a69-9832-0a64-220f-62754308e5f8" executionId="4b04af82-1c3b-42ee-937c-e29548504a21" testListId="8c84fa94-04c1-424b-9868-57a2d4851a1d" />
  </TestEntries>
  <Results>
    <UnitTestResult executionId="4b04af82-1c3b-42ee-937c-e29548504a21" testId="d0f47a69-9832-0a64-220f-62754308e5f8" testName="MakePlayers_DesignIntent" computerName="CABOLPC0092" duration="00:00:00.0599746" startTime="2014-11-05T15:50:42.1133504-05:00" endTime="2014-11-05T15:50:42.4148504-05:00" testType="13cdc9d9-ddb5-4fa4-a97d-d965ccfc6d4b" outcome="Passed" testListId="8c84fa94-04c1-424b-9868-57a2d4851a1d" relativeResultsDirectory="4b04af82-1c3b-42ee-937c-e29548504a21">
    </UnitTestResult>
  </Results>
</TestRun>