<?xml version="1.0" encoding="UTF-8"?>
<TestRun id="a31a7318-f8d2-47ba-8b29-1010c03dca4f" name="macabral@CABOLPC0092 2014-10-30 14:32:48" runUser="HUSKY1\macabral" xmlns="http://microsoft.com/schemas/VisualStudio/TeamTest/2010">
  <TestSettings name="Local" id="5123d902-b7f8-45b3-b4f8-4cc467d55b7c">
    <Description>These are default test settings for a local test run.</Description>
    <Deployment userDeploymentRoot="C:\Users\macabral\Documents\Visual Studio 2010\Projects\Matthew Cabral Projects\Clabbers\TestResults" useDefaultDeploymentRoot="false" enabled="false" runDeploymentRoot="macabral_CABOLPC0092 2014-10-30 14_32_48">
      <DeploymentItem filename="C:\Users\macabral\Documents\Visual Studio 2010\Projects\Matthew Cabral Projects\Clabbers\Clabbers\bin\Debug\Clabbers.exe" />
    </Deployment>
    <Execution>
      <TestTypeSpecific />
      <AgentRule name="Execution Agents">
      </AgentRule>
    </Execution>
  </TestSettings>
  <Times creation="2014-10-30T14:32:48.4184752-04:00" queuing="2014-10-30T14:32:49.9802875-04:00" start="2014-10-30T14:32:50.0513017-04:00" finish="2014-10-30T14:33:06.3360580-04:00" />
  <ResultSummary outcome="Failed">
    <Counters total="1" executed="1" error="0" failed="1" timeout="0" aborted="0" inconclusive="0" passedButRunAborted="0" notRunnable="0" notExecuted="0" disconnected="0" warning="0" passed="0" completed="0" inProgress="0" pending="0" />
  </ResultSummary>
  <TestDefinitions>
    <UnitTest name="SaveGameState_DesignIntent" storage="c:\users\macabral\documents\visual studio 2010\projects\matthew cabral projects\clabbers\solvertest\bin\debug\solvertest.dll" id="ef7c87b5-094d-72dd-2741-d7886f3387c0">
      <Execution id="d3954970-8e71-4afc-95c2-ea60b8263c7d" />
      <TestMethod codeBase="C:/Users/macabral/Documents/Visual Studio 2010/Projects/Matthew Cabral Projects/Clabbers/SolverTest/bin/Debug/SolverTest.DLL" adapterTypeName="Microsoft.VisualStudio.TestTools.TestTypes.Unit.UnitTestAdapter, Microsoft.VisualStudio.QualityTools.Tips.UnitTest.Adapter, Version=10.0.0.0, Culture=neutral, PublicKeyToken=b03f5f7f11d50a3a" className="ClabbersTest.GameManagerTests, SolverTest, Version=1.0.0.0, Culture=neutral, PublicKeyToken=null" name="SaveGameState_DesignIntent" />
    </UnitTest>
  </TestDefinitions>
  <TestLists>
    <TestList name="Results Not in a List" id="8c84fa94-04c1-424b-9868-57a2d4851a1d" />
    <TestList name="All Loaded Results" id="19431567-8539-422a-85d7-44ee4e166bda" />
  </TestLists>
  <TestEntries>
    <TestEntry testId="ef7c87b5-094d-72dd-2741-d7886f3387c0" executionId="d3954970-8e71-4afc-95c2-ea60b8263c7d" testListId="8c84fa94-04c1-424b-9868-57a2d4851a1d" />
  </TestEntries>
  <Results>
    <UnitTestResult executionId="d3954970-8e71-4afc-95c2-ea60b8263c7d" testId="ef7c87b5-094d-72dd-2741-d7886f3387c0" testName="SaveGameState_DesignIntent" computerName="CABOLPC0092" duration="00:00:14.9794549" startTime="2014-10-30T14:32:50.1498214-04:00" endTime="2014-10-30T14:33:06.2020312-04:00" testType="13cdc9d9-ddb5-4fa4-a97d-d965ccfc6d4b" outcome="Failed" testListId="8c84fa94-04c1-424b-9868-57a2d4851a1d" relativeResultsDirectory="d3954970-8e71-4afc-95c2-ea60b8263c7d">
      <Output>
        <ErrorInfo>
          <Message>Test method ClabbersTest.GameManagerTests.SaveGameState_DesignIntent threw exception: 
System.NullReferenceException: Object reference not set to an instance of an object.</Message>
          <StackTrace>    at Clabbers.GameManager..ctor(String map, String tiles, String words, Int32 handSize, Int32 numOpp, Boolean test) in C:\Users\macabral\Documents\Visual Studio 2010\Projects\Matthew Cabral Projects\Clabbers\Clabbers\GameManager.cs:line 101
   at ClabbersTest.GameManagerTests.SaveGameState_DesignIntent() in C:\Users\macabral\Documents\Visual Studio 2010\Projects\Matthew Cabral Projects\Clabbers\SolverTest\GameManagerTests.cs:line 216
</StackTrace>
        </ErrorInfo>
      </Output>
    </UnitTestResult>
  </Results>
</TestRun>